Line 36: Class XtremeSuiteControls.TabControl of control TabControl1 was not a loaded control class.
Line 95: Class XtremeSuiteControls.GroupBox of control GroupBox1 was not a loaded control class.
Line 108: Class XtremeSuiteControls.ComboBox of control cmbFilter was not a loaded control class.
Line 137: Class XtremeSuiteControls.ComboBox of control cmbFilter was not a loaded control class.
Line 166: Class XtremeSuiteControls.ComboBox of control cmbFilter was not a loaded control class.
Line 195: Class XtremeSuiteControls.ComboBox of control cmbFilter was not a loaded control class.
Line 224: Class XtremeSuiteControls.ComboBox of control cmbFilter was not a loaded control class.
Line 253: Class XtremeSuiteControls.Label of control lblVar was not a loaded control class.
Line 276: Class XtremeSuiteControls.Label of control lblVar was not a loaded control class.
Line 299: Class XtremeSuiteControls.Label of control lblVar was not a loaded control class.
Line 322: Class XtremeSuiteControls.Label of control lblVar was not a loaded control class.
Line 345: Class XtremeSuiteControls.Label of control lblVar was not a loaded control class.
Line 369: Class XtremeSuiteControls.GroupBox of control grpDetail was not a loaded control class.
Line 405: Class XtremeSuiteControls.FlatEdit of control txtInfo was not a loaded control class.
Line 430: Class XtremeSuiteControls.FlatEdit of control txtInfo was not a loaded control class.
Line 455: Class XtremeSuiteControls.FlatEdit of control txtInfo was not a loaded control class.
Line 480: Class XtremeSuiteControls.FlatEdit of control txtInfo was not a loaded control class.
Line 505: Class XtremeSuiteControls.FlatEdit of control txtInfo was not a loaded control class.
Line 530: Class XtremeSuiteControls.FlatEdit of control txtInfo was not a loaded control class.
Line 555: Class XtremeSuiteControls.FlatEdit of control txtInfo was not a loaded control class.
Line 580: Class XtremeSuiteControls.FlatEdit of control txtInfo was not a loaded control class.
Line 605: Class XtremeSuiteControls.FlatEdit of control txtInfo was not a loaded control class.
Line 630: Class XtremeSuiteControls.FlatEdit of control txtInfo was not a loaded control class.
Line 655: Class XtremeSuiteControls.Label of control lblVar was not a loaded control class.
Line 679: Class XtremeSuiteControls.Label of control lblVar was not a loaded control class.
Line 703: Class XtremeSuiteControls.Label of control lblVar was not a loaded control class.
Line 727: Class XtremeSuiteControls.Label of control lblVar was not a loaded control class.
Line 751: Class XtremeSuiteControls.Label of control lblVar was not a loaded control class.
Line 775: Class XtremeSuiteControls.Label of control lblVar was not a loaded control class.
Line 799: Class XtremeSuiteControls.Label of control lblVar was not a loaded control class.
Line 823: Class XtremeSuiteControls.Label of control lblVar was not a loaded control class.
Line 847: Class XtremeSuiteControls.Label of control lblVar was not a loaded control class.
Line 871: Class XtremeSuiteControls.Label of control lblVar was not a loaded control class.
Line 895: Class XtremeSuiteControls.Label of control lblVar was not a loaded control class.
Line 919: Class XtremeSuiteControls.Label of control lblVar was not a loaded control class.
Line 944: Class XtremeSuiteControls.PushButton of control PushButton1 was not a loaded control class.
Line 958: Class XtremeSuiteControls.WebBrowser of control wBr was not a loaded control class.
Line 971: Class XtremeSuiteControls.PushButton of control cmdList was not a loaded control class.
Line 1006: Class XtremeSuiteControls.PushButton of control cmdList was not a loaded control class.
Line 1032: Class XtremeSuiteControls.PushButton of control cmdList was not a loaded control class.
