Line 19: Class XtremeSuiteControls.GroupBox of control GroupBox1 was not a loaded control class.
Line 30: Class XtremeSuiteControls.PushButton of control BtnMsnProcess was not a loaded control class.
Line 52: Class XtremeSuiteControls.PushButton of control BtnMsnProcess was not a loaded control class.
Line 66: Class XtremeSuiteControls.PushButton of control BtnMsnProcess was not a loaded control class.
Line 25: The property name _Version in GroupBox1 is invalid.
Line 26: The property name _ExtentX in GroupBox1 is invalid.
Line 27: The property name _ExtentY in GroupBox1 is invalid.
Line 28: The property name _StockProps in GroupBox1 is invalid.
Line 29: The property name UseVisualStyle in GroupBox1 is invalid.
Line 37: The property name _Version in BtnMsnProcess is invalid.
Line 38: The property name _ExtentX in BtnMsnProcess is invalid.
Line 39: The property name _ExtentY in BtnMsnProcess is invalid.
Line 40: The property name _StockProps in BtnMsnProcess is invalid.
Line 41: The property name Caption in BtnMsnProcess is invalid.
Line 42: The property name UseVisualStyle in BtnMsnProcess is invalid.
Line 59: The property name _Version in BtnMsnProcess is invalid.
Line 60: The property name _ExtentX in BtnMsnProcess is invalid.
Line 61: The property name _ExtentY in BtnMsnProcess is invalid.
Line 62: The property name _StockProps in BtnMsnProcess is invalid.
Line 63: The property name Caption in BtnMsnProcess is invalid.
Line 64: The property name UseVisualStyle in BtnMsnProcess is invalid.
Line 73: The property name _Version in BtnMsnProcess is invalid.
Line 74: The property name _ExtentX in BtnMsnProcess is invalid.
Line 75: The property name _ExtentY in BtnMsnProcess is invalid.
Line 76: The property name _StockProps in BtnMsnProcess is invalid.
Line 77: The property name Caption in BtnMsnProcess is invalid.
Line 78: The property name UseVisualStyle in BtnMsnProcess is invalid.
