Line 19: Class XtremeSuiteControls.GroupBox of control GroupBox2 was not a loaded control class.
Line 32: Class XtremeSuiteControls.ProgressBar of control ProgressBar1 was not a loaded control class.
Line 46: Class XtremeSuiteControls.GroupBox of control GroupBox1 was not a loaded control class.
Line 58: Class XtremeSuiteControls.RadioButton of control RadioButton1 was not a loaded control class.
Line 84: Class XtremeSuiteControls.ComboBox of control CmbRpt was not a loaded control class.
Line 100: Class XtremeSuiteControls.ComboBox of control CmbRpt was not a loaded control class.
Line 116: Class XtremeSuiteControls.RadioButton of control RadioButton1 was not a loaded control class.
Line 181: Class XtremeSuiteControls.GroupBox of control GroupBox3 was not a loaded control class.
Line 203: Class XtremeSuiteControls.DateTimePicker of control RptTgl was not a loaded control class.
Line 215: Class XtremeSuiteControls.DateTimePicker of control RptTgl was not a loaded control class.
Line 227: Class XtremeSuiteControls.ComboBox of control CmbRpt was not a loaded control class.
Line 243: Class XtremeSuiteControls.ComboBox of control CmbRpt was not a loaded control class.
Line 259: Class XtremeSuiteControls.PushButton of control cmdRptProcess was not a loaded control class.
Line 273: Class XtremeSuiteControls.ComboBox of control CmbRpt was not a loaded control class.
Line 289: Class XtremeSuiteControls.PushButton of control cmdRptProcess was not a loaded control class.
Line 25: The property name _Version in GroupBox2 is invalid.
Line 26: The property name _ExtentX in GroupBox2 is invalid.
Line 27: The property name _ExtentY in GroupBox2 is invalid.
Line 28: The property name _StockProps in GroupBox2 is invalid.
Line 30: The property name UseVisualStyle in GroupBox2 is invalid.
Line 19: Property BorderStyle in GroupBox2 could not be set.
Line 38: The property name _Version in ProgressBar1 is invalid.
Line 39: The property name _ExtentX in ProgressBar1 is invalid.
Line 40: The property name _ExtentY in ProgressBar1 is invalid.
Line 41: The property name _StockProps in ProgressBar1 is invalid.
Line 43: The property name UseVisualStyle in ProgressBar1 is invalid.
Line 32: Property Appearance in ProgressBar1 could not be set.
Line 52: The property name _Version in GroupBox1 is invalid.
Line 53: The property name _ExtentX in GroupBox1 is invalid.
Line 54: The property name _ExtentY in GroupBox1 is invalid.
Line 55: The property name _StockProps in GroupBox1 is invalid.
Line 66: The property name _Version in RadioButton1 is invalid.
Line 67: The property name _ExtentX in RadioButton1 is invalid.
Line 68: The property name _ExtentY in RadioButton1 is invalid.
Line 69: The property name _StockProps in RadioButton1 is invalid.
Line 70: The property name Caption in RadioButton1 is invalid.
Line 82: The property name UseVisualStyle in RadioButton1 is invalid.
Line 91: The property name _Version in CmbRpt is invalid.
Line 92: The property name _ExtentX in CmbRpt is invalid.
Line 93: The property name _ExtentY in CmbRpt is invalid.
Line 94: The property name _StockProps in CmbRpt is invalid.
Line 96: The property name Sorted in CmbRpt is invalid.
Line 97: The property name AutoComplete in CmbRpt is invalid.
Line 98: The property name DropDownWidth in CmbRpt is invalid.
Line 107: The property name _Version in CmbRpt is invalid.
Line 108: The property name _ExtentX in CmbRpt is invalid.
Line 109: The property name _ExtentY in CmbRpt is invalid.
Line 110: The property name _StockProps in CmbRpt is invalid.
Line 112: The property name Sorted in CmbRpt is invalid.
Line 113: The property name AutoComplete in CmbRpt is invalid.
Line 114: The property name DropDownWidth in CmbRpt is invalid.
Line 124: The property name _Version in RadioButton1 is invalid.
Line 125: The property name _ExtentX in RadioButton1 is invalid.
Line 126: The property name _ExtentY in RadioButton1 is invalid.
Line 127: The property name _StockProps in RadioButton1 is invalid.
Line 128: The property name Caption in RadioButton1 is invalid.
Line 140: The property name UseVisualStyle in RadioButton1 is invalid.
Line 187: The property name _Version in GroupBox3 is invalid.
Line 188: The property name _ExtentX in GroupBox3 is invalid.
Line 189: The property name _ExtentY in GroupBox3 is invalid.
Line 190: The property name _StockProps in GroupBox3 is invalid.
Line 210: The property name _Version in RptTgl is invalid.
Line 211: The property name _ExtentX in RptTgl is invalid.
Line 212: The property name _ExtentY in RptTgl is invalid.
Line 213: The property name _StockProps in RptTgl is invalid.
Line 222: The property name _Version in RptTgl is invalid.
Line 223: The property name _ExtentX in RptTgl is invalid.
Line 224: The property name _ExtentY in RptTgl is invalid.
Line 225: The property name _StockProps in RptTgl is invalid.
Line 234: The property name _Version in CmbRpt is invalid.
Line 235: The property name _ExtentX in CmbRpt is invalid.
Line 236: The property name _ExtentY in CmbRpt is invalid.
Line 237: The property name _StockProps in CmbRpt is invalid.
Line 239: The property name Sorted in CmbRpt is invalid.
Line 240: The property name AutoComplete in CmbRpt is invalid.
Line 241: The property name DropDownWidth in CmbRpt is invalid.
Line 250: The property name _Version in CmbRpt is invalid.
Line 251: The property name _ExtentX in CmbRpt is invalid.
Line 252: The property name _ExtentY in CmbRpt is invalid.
Line 253: The property name _StockProps in CmbRpt is invalid.
Line 255: The property name Sorted in CmbRpt is invalid.
Line 256: The property name AutoComplete in CmbRpt is invalid.
Line 257: The property name DropDownWidth in CmbRpt is invalid.
Line 266: The property name _Version in cmdRptProcess is invalid.
Line 267: The property name _ExtentX in cmdRptProcess is invalid.
Line 268: The property name _ExtentY in cmdRptProcess is invalid.
Line 269: The property name _StockProps in cmdRptProcess is invalid.
Line 270: The property name Caption in cmdRptProcess is invalid.
Line 259: Property Appearance in cmdRptProcess could not be set.
Line 280: The property name _Version in CmbRpt is invalid.
Line 281: The property name _ExtentX in CmbRpt is invalid.
Line 282: The property name _ExtentY in CmbRpt is invalid.
Line 283: The property name _StockProps in CmbRpt is invalid.
Line 285: The property name Sorted in CmbRpt is invalid.
Line 286: The property name AutoComplete in CmbRpt is invalid.
Line 287: The property name DropDownWidth in CmbRpt is invalid.
Line 296: The property name _Version in cmdRptProcess is invalid.
Line 297: The property name _ExtentX in cmdRptProcess is invalid.
Line 298: The property name _ExtentY in cmdRptProcess is invalid.
Line 299: The property name _StockProps in cmdRptProcess is invalid.
Line 300: The property name Caption in cmdRptProcess is invalid.
Line 289: Property Appearance in cmdRptProcess could not be set.
